0	1	mikroCARM.exe -MSF -DBG -pMK64FN1M0XXX12 -BIN -DL -SSA -O11111114 -fo120 -N"D:\Marko\tasks\freescale\svn\Hexiwear\MK64\5. Click Demos\1. mikroC\2. Primeri\HEXIWEAR_Flame_Click\example\ARM\HEXIWEAR_Flame_Click.mcpar" -SP"D:\work\mikroC PRO for ARM\Defs\" -SP"D:\work\mikroC PRO for ARM\Uses\NXP M4\" -SP"D:\work\mikroC PRO for ARM\Uses\" -SP"D:\Marko\tasks\freescale\svn\Hexiwear\MK64\5. Click Demos\1. mikroC\2. Primeri\HEXIWEAR_Flame_Click\example\ARM\" -SP"D:\work\mikroC PRO for ARM\Uses\Freescale M4\" -IP"D:\Marko\tasks\freescale\svn\Hexiwear\MK64\5. Click Demos\1. mikroC\2. Primeri\HEXIWEAR_Flame_Click\example\ARM\" "OLED_driver.c" "OLED_resources.c" "HEXIWEAR_Flame_Click.c" "Resources.c" "__Lib_Math.emcl" "__Lib_MathDouble.emcl" "__Lib_Delays.emcl" "__Lib_System.emcl" "__Lib_GPIO_MK64_Defs.emcl" "__Lib_GPIO.emcl" "__Lib_CString.emcl" "__Lib_CMath.emcl" "__Lib_Conversions.emcl" "__Lib_I2C_012.emcl" "__Lib_SPI_012.emcl" "__Lib_UART_012345.emcl" "__Lib_ADC_01.emcl"	 
warning: 0	1501	Specified search path does not exist: 'D:\work\mikroC PRO for ARM\Uses\Freescale M4'	 
diagnostics: 0	122	Compilation Started	stdint.h
hint: 350	1163	Variable 'spiStatus' has been declared, but not used	OLED_driver.c
hint: 462	1354	argument may be out of range [status]	OLED_driver.c
hint: 476	1354	argument may be out of range []	OLED_driver.c
hint: 548	1354	argument may be out of range [?T101]	OLED_driver.c
hint: 549	1354	argument may be out of range [?T102]	OLED_driver.c
hint: 550	1354	argument may be out of range [?T105]	OLED_driver.c
hint: 551	1354	argument may be out of range [?T106]	OLED_driver.c
hint: 552	1354	argument may be out of range [?T107]	OLED_driver.c
hint: 553	1354	argument may be out of range [?T110]	OLED_driver.c
warning: 605	1505	Suspicious pointer conversion	OLED_driver.c
warning: 625	1505	Suspicious pointer conversion	OLED_driver.c
diagnostics: 794	123	Compiled Successfully	OLED_driver.c
hint: 601	1164	Variable 'status' has been eliminated by optimizer	OLED_driver.c
hint: 699	1164	Variable 'offset' has been eliminated by optimizer	OLED_driver.c
hint: 700	1164	Variable 'pChTable' has been eliminated by optimizer	OLED_driver.c
hint: 702	1164	Variable 'tmp' has been eliminated by optimizer	OLED_driver.c
diagnostics: 0	122	Compilation Started	stdint.h
diagnostics: 4682	123	Compiled Successfully	OLED_resources.c
diagnostics: 0	122	Compilation Started	stdint.h
hint: 0	1004	interrupt handler (FlameDetect at 0x004C)	HEXIWEAR_Flame_Click.c
diagnostics: 173	123	Compiled Successfully	HEXIWEAR_Flame_Click.c
diagnostics: 0	122	Compilation Started	Resources.c
diagnostics: 2318	123	Compiled Successfully	Resources.c
diagnostics: 0	127	All files Compiled in 515 ms	 
hint: 0	1144	Used RX: 16 (100%)   Free RX: 0 (0%)	Used RX: 16 (100%)   Free RX: 0 (0%)
hint: 0	1144	Static RAM (bytes): 18513   Dynamic RAM (bytes): 112553	Static RAM (bytes): 18513   Dynamic RAM (bytes): 112553
hint: 0	1144	Used ROM (bytes): 46305 (4%)  Free ROM (bytes): 1002271 (96%)	Used ROM (bytes): 46305 (4%)  Free ROM (bytes): 1002271 (96%)
diagnostics: 0	125	Project Linked Successfully	HEXIWEAR_Flame_Click.mcpar
diagnostics: 0	128	Linked in 686 ms	 
diagnostics: 0	129	Project 'HEXIWEAR_Flame_Click.mcpar' completed: 1419 ms	 
diagnostics: 0	103	Finished successfully: 12 May 2016, 14:37:39	HEXIWEAR_Flame_Click.mcpar
