0	1	mikroCARM.exe -MSF -DBG -pMK64FN1M0XXX12 -BIN -DL -SSA -O11111114 -fo120 -N"\\VBOXSVR\storage\git\ClickLab\Thermo_K_click\example\Hexiwear\HEXIWEAR_THERMO_K_Click.mcpar" -SP"C:\C4W\mikroC PRO for ARM\Defs\" -SP"C:\C4W\mikroC PRO for ARM\Uses\NXP M4\" -SP"\\VBOXSVR\storage\git\ClickLab\Thermo_K_click\example\Hexiwear\" -SP"C:\C4W\mikroC PRO for ARM\Uses\" -SP"C:\Users\Public\Documents\Mikroelektronika\mikroC PRO for ARM\Defs\" -SP"C:\Users\Public\Documents\Mikroelektronika\mikroC PRO for ARM\Uses\" -SP"C:\Users\aleksandar.zecevic\Documents\Hexiwear\HEXIWEAR_THERMO_K_Click\" -SP"C:\Users\Public\Documents\Mikroelektronika\mikroC PRO for ARM\Uses\NXP M4\" -IP"\\VBOXSVR\storage\git\ClickLab\Thermo_K_click\example\Hexiwear\" -IP"\\VBOXSVR\storage\git\ClickLab\Thermo_K_click\example\" "HEXIWEAR_THERMO_K_Click.c" "OLED_driver.c" "OLED_resources.c" "__Lib_Math.emcl" "__Lib_MathDouble.emcl" "__Lib_Delays.emcl" "__Lib_System.emcl" "__Lib_GPIO_MK64_Defs.emcl" "__Lib_GPIO.emcl" "__Lib_CType.emcl" "__Lib_CString.emcl" "__Lib_Sprintf.emcl" "__Lib_I2C_012.emcl" "__Lib_SPI_012.emcl"	 
warning: 0	1501	Specified search path does not exist: 'C:\Users\Public\Documents\Mikroelektronika\mikroC PRO for ARM\Defs'	 
warning: 0	1501	Specified search path does not exist: 'C:\Users\Public\Documents\Mikroelektronika\mikroC PRO for ARM\Uses'	 
warning: 0	1501	Specified search path does not exist: 'C:\Users\aleksandar.zecevic\Documents\Hexiwear\HEXIWEAR_THERMO_K_Click'	 
warning: 0	1501	Specified search path does not exist: 'C:\Users\Public\Documents\Mikroelektronika\mikroC PRO for ARM\Uses\NXP M4'	 
diagnostics: 0	122	Compilation Started	stdint.h
warning: 31	1503	Result is not defined in function: 'Write_MCP9600_Data'	HEXIWEAR_THERMO_K_Click.c
diagnostics: 152	123	Compiled Successfully	HEXIWEAR_THERMO_K_Click.c
hint: 61	1164	Variable 'DataSum' has been eliminated by optimizer	HEXIWEAR_THERMO_K_Click.c
diagnostics: 0	122	Compilation Started	stdint.h
hint: 353	1163	Variable 'spiStatus' has been declared, but not used	OLED_driver.c
hint: 465	1354	argument may be out of range [status]	OLED_driver.c
hint: 479	1354	argument may be out of range []	OLED_driver.c
hint: 551	1354	argument may be out of range [?T107]	OLED_driver.c
hint: 552	1354	argument may be out of range [?T108]	OLED_driver.c
hint: 553	1354	argument may be out of range [?T111]	OLED_driver.c
hint: 554	1354	argument may be out of range [?T112]	OLED_driver.c
hint: 555	1354	argument may be out of range [?T113]	OLED_driver.c
hint: 556	1354	argument may be out of range [?T116]	OLED_driver.c
warning: 608	1505	Suspicious pointer conversion	OLED_driver.c
warning: 628	1505	Suspicious pointer conversion	OLED_driver.c
diagnostics: 797	123	Compiled Successfully	OLED_driver.c
hint: 604	1164	Variable 'status' has been eliminated by optimizer	OLED_driver.c
hint: 702	1164	Variable 'offset' has been eliminated by optimizer	OLED_driver.c
hint: 703	1164	Variable 'pChTable' has been eliminated by optimizer	OLED_driver.c
hint: 705	1164	Variable 'tmp' has been eliminated by optimizer	OLED_driver.c
diagnostics: 0	122	Compilation Started	stdint.h
diagnostics: 4682	123	Compiled Successfully	OLED_resources.c
diagnostics: 0	127	All files Compiled in 1063 ms	 
hint: 0	1144	Used RX: 16 (100%)   Free RX: 0 (0%)	Used RX: 16 (100%)   Free RX: 0 (0%)
hint: 0	1144	Static RAM (bytes): 18552   Dynamic RAM (bytes): 112517	Static RAM (bytes): 18552   Dynamic RAM (bytes): 112517
hint: 0	1144	Used ROM (bytes): 26944 (3%)  Free ROM (bytes): 1021632 (97%)	Used ROM (bytes): 26944 (3%)  Free ROM (bytes): 1021632 (97%)
diagnostics: 0	125	Project Linked Successfully	HEXIWEAR_THERMO_K_Click.mcpar
diagnostics: 0	128	Linked in 640 ms	 
diagnostics: 0	129	Project 'HEXIWEAR_THERMO_K_Click.mcpar' completed: 1953 ms	 
diagnostics: 0	103	Finished successfully: 21 Dec 2016, 09:56:17	HEXIWEAR_THERMO_K_Click.mcpar
