0	1	mikroCARM.exe -MSF -DBG -pMK64FN1M0XXX12 -UICD -BIN -DL -SSA -O11111114 -fo120 -N"E:\Darko\Projekti\HEXIWEAR\Click Demo\Projekti\HEXIWEAR_Wifi_3_Click\HEXIWEAR_Wifi_3_Click.mcpar" -SP"C:\Users\Public\Documents\Mikroelektronika\ARM\radni\mikroC PRO for ARM\Defs\" -SP"C:\Users\Public\Documents\Mikroelektronika\ARM\radni\mikroC PRO for ARM\Uses\Freescale M4\" -SP"C:\Users\Public\Documents\Mikroelektronika\ARM\radni\mikroC PRO for ARM\Uses\" -SP"E:\Darko\Projekti\HEXIWEAR\Click Demo\Projekti\HEXIWEAR_Wifi_3_Click\" -IP"E:\Darko\Projekti\HEXIWEAR\Click Demo\Projekti\HEXIWEAR_Wifi_3_Click\" "HEXIWEAR_Wifi_3_Click.c" "OLED_driver.c" "OLED_resources.c" "__Lib_Math.emcl" "__Lib_MathDouble.emcl" "__Lib_Delays.emcl" "__Lib_System.emcl" "__Lib_GPIO_MK64_Defs.emcl" "__Lib_GPIO.emcl" "__Lib_CString.emcl" "__Lib_UART_012345.emcl" "__Lib_SPI_012.emcl"	 
diagnostics: 0	122	Compilation Started	stdint.h
hint: 0	1004	interrupt handler (IRQ_UartHandler at 0x0033)	HEXIWEAR_Wifi_3_Click.c
hint: 144	1163	Variable 'response_cnt' has been declared, but not used	HEXIWEAR_Wifi_3_Click.c
hint: 144	1163	Variable 'conn_flg' has been declared, but not used	HEXIWEAR_Wifi_3_Click.c
diagnostics: 294	123	Compiled Successfully	HEXIWEAR_Wifi_3_Click.c
diagnostics: 0	122	Compilation Started	stdint.h
hint: 353	1163	Variable 'spiStatus' has been declared, but not used	OLED_driver.c
hint: 465	1354	argument may be out of range [status]	OLED_driver.c
hint: 479	1354	argument may be out of range []	OLED_driver.c
hint: 551	1354	argument may be out of range [?T107]	OLED_driver.c
hint: 552	1354	argument may be out of range [?T108]	OLED_driver.c
hint: 553	1354	argument may be out of range [?T111]	OLED_driver.c
hint: 554	1354	argument may be out of range [?T112]	OLED_driver.c
hint: 555	1354	argument may be out of range [?T113]	OLED_driver.c
hint: 556	1354	argument may be out of range [?T116]	OLED_driver.c
warning: 608	1505	Suspicious pointer conversion	OLED_driver.c
warning: 628	1505	Suspicious pointer conversion	OLED_driver.c
hint: 803	1354	argument may be out of range [?T278]	OLED_driver.c
diagnostics: 807	123	Compiled Successfully	OLED_driver.c
hint: 604	1164	Variable 'status' has been eliminated by optimizer	OLED_driver.c
hint: 702	1164	Variable 'offset' has been eliminated by optimizer	OLED_driver.c
hint: 703	1164	Variable 'pChTable' has been eliminated by optimizer	OLED_driver.c
hint: 705	1164	Variable 'tmp' has been eliminated by optimizer	OLED_driver.c
diagnostics: 0	122	Compilation Started	stdint.h
diagnostics: 5841	123	Compiled Successfully	OLED_resources.c
diagnostics: 0	127	All files Compiled in 454 ms	 
hint: 0	1144	Used RX: 16 (100%)   Free RX: 0 (0%)	Used RX: 16 (100%)   Free RX: 0 (0%)
hint: 0	1144	Static RAM (bytes): 19751   Dynamic RAM (bytes): 176853	Static RAM (bytes): 19751   Dynamic RAM (bytes): 176853
hint: 0	1144	Used ROM (bytes): 30457 (3%)  Free ROM (bytes): 1018119 (97%)	Used ROM (bytes): 30457 (3%)  Free ROM (bytes): 1018119 (97%)
diagnostics: 0	125	Project Linked Successfully	HEXIWEAR_Wifi_3_Click.mcpar
diagnostics: 0	128	Linked in 484 ms	 
diagnostics: 0	129	Project 'HEXIWEAR_Wifi_3_Click.mcpar' completed: 1125 ms	 
diagnostics: 0	103	Finished successfully: 13 May 2016, 18:43:28	HEXIWEAR_Wifi_3_Click.mcpar
