0	1	mikroCARM.exe -MSF -DBG -pMK64FN1M0XXX12 -UICD -BIN -DL -SSA -O11111114 -fo120 -N"D:\Uros\!!KONACNI PRIMERI\HEXIWEAR_BUZZ_Click\example\ARM\HEXIWEAR_BUZZ_Click.mcpar" -SP"D:\Program Files\NXP\mikroC PRO for ARM\Defs\" -SP"D:\Program Files\NXP\mikroC PRO for ARM\Uses\" -SP"D:\Uros\!!KONACNI PRIMERI\HEXIWEAR_BUZZ_Click\example\ARM\" -SP"D:\Program Files\NXP\mikroC PRO for ARM\Examples\NXP K64 PWM\" -SP"D:\Program Files\NXP\mikroC PRO for ARM\Uses\Freescale M4\" -SP"D:\Uros\!!KONACNI PRIMERI\HEXIWEAR_BUZZ_Click\example\ARM\OLED\src\" -SP"D:\Uros\!!KONACNI PRIMERI\HEXIWEAR_BUZZ_Click\example\ARM\common\src\" -SP"D:\Uros\!!KONACNI PRIMERI\HEXIWEAR_BUZZ_Click\example\ARM\OLED\inc\" -SP"D:\Uros\!!KONACNI PRIMERI\HEXIWEAR_BUZZ_Click\example\ARM\common\inc\" -IP"D:\Uros\!!KONACNI PRIMERI\HEXIWEAR_BUZZ_Click\example\ARM\" -IP"D:\Uros\!!KONACNI PRIMERI\HEXIWEAR_BUZZ_Click\example\ARM\OLED\inc\" -IP"D:\Uros\!!KONACNI PRIMERI\HEXIWEAR_BUZZ_Click\example\ARM\common\inc\" "BUZZ.c" "OLED_driver.c" "OLED_resources.c" "common_screen_objects.c" "__Lib_Math.emcl" "__Lib_MathDouble.emcl" "__Lib_Delays.emcl" "__Lib_System.emcl" "__Lib_GPIO_MK64_Defs.emcl" "__Lib_GPIO.emcl" "__Lib_UART_012345.emcl" "__Lib_SPI_012.emcl" "__Lib_PWM_MK64_0123.emcl"	 
diagnostics: 0	122	Compilation Started	stdint.h
hint: 170	1354	argument may be out of range [?T3]	BUZZ.c
hint: 261	1354	argument may be out of range [?T23]	BUZZ.c
warning: 554	1503	Result is not defined in function: 'main'	BUZZ.c
hint: 0	1004	interrupt handler (IRQ_Uart4Handler at 0x0052)	BUZZ.c
diagnostics: 584	123	Compiled Successfully	BUZZ.c
diagnostics: 0	122	Compilation Started	stdint.h
hint: 353	1163	Variable 'spiStatus' has been declared, but not used	OLED_driver.c
hint: 465	1354	argument may be out of range [status]	OLED_driver.c
hint: 479	1354	argument may be out of range []	OLED_driver.c
hint: 551	1354	argument may be out of range [?T107]	OLED_driver.c
hint: 552	1354	argument may be out of range [?T108]	OLED_driver.c
hint: 553	1354	argument may be out of range [?T111]	OLED_driver.c
hint: 554	1354	argument may be out of range [?T112]	OLED_driver.c
hint: 555	1354	argument may be out of range [?T113]	OLED_driver.c
hint: 556	1354	argument may be out of range [?T116]	OLED_driver.c
warning: 608	1505	Suspicious pointer conversion	OLED_driver.c
warning: 628	1505	Suspicious pointer conversion	OLED_driver.c
diagnostics: 797	123	Compiled Successfully	OLED_driver.c
hint: 604	1164	Variable 'status' has been eliminated by optimizer	OLED_driver.c
hint: 702	1164	Variable 'offset' has been eliminated by optimizer	OLED_driver.c
hint: 703	1164	Variable 'pChTable' has been eliminated by optimizer	OLED_driver.c
hint: 705	1164	Variable 'tmp' has been eliminated by optimizer	OLED_driver.c
diagnostics: 0	122	Compilation Started	stdint.h
diagnostics: 4682	123	Compiled Successfully	OLED_resources.c
diagnostics: 0	122	Compilation Started	stdint.h
diagnostics: 2320	123	Compiled Successfully	common_screen_objects.c
diagnostics: 0	127	All files Compiled in 624 ms	 
hint: 0	1144	Used RX: 16 (100%)   Free RX: 0 (0%)	Used RX: 16 (100%)   Free RX: 0 (0%)
hint: 0	1144	Static RAM (bytes): 18563   Dynamic RAM (bytes): 178041	Static RAM (bytes): 18563   Dynamic RAM (bytes): 178041
hint: 0	1144	Used ROM (bytes): 31835 (3%)  Free ROM (bytes): 1016741 (97%)	Used ROM (bytes): 31835 (3%)  Free ROM (bytes): 1016741 (97%)
diagnostics: 0	125	Project Linked Successfully	HEXIWEAR_BUZZ_Click.mcpar
diagnostics: 0	128	Linked in 468 ms	 
diagnostics: 0	129	Project 'HEXIWEAR_BUZZ_Click.mcpar' completed: 1279 ms	 
diagnostics: 0	103	Finished successfully: 06 May 2016, 16:34:24	HEXIWEAR_BUZZ_Click.mcpar
