0	1	mikroCARM.exe -MSF -DBG -pMK64FN1M0XXX12 -UICD -BIN -DL -SSA -O11111114 -fo120 -N"D:\Uros\!!KONACNI PRIMERI\backup\HEXIWEAR_IR_GESTURE_Click\example\ARM\MikroC_ARM_M4.mcpar" -SP"D:\Program Files\NXP\mikroC PRO for ARM\Defs\" -SP"D:\Program Files\NXP\mikroC PRO for ARM\Uses\" -SP"D:\Uros\!!KONACNI PRIMERI\backup\HEXIWEAR_IR_GESTURE_Click\example\ARM\" -SP"D:\Program Files\NXP\mikroC PRO for ARM\Uses\Freescale M4\" -SP"D:\Uros\!!KONACNI PRIMERI\backup\HEXIWEAR_IR_GESTURE_Click\example\ARM\src\" -SP"D:\Uros\!!KONACNI PRIMERI\backup\HEXIWEAR_IR_GESTURE_Click\example\ARM\include\" -IP"D:\Uros\HEXIWEAR_BCKP\Hexiwear\MK64\5. Click Demos\1. mikroC\2. Primeri\common\inc\" -IP"D:\Uros\!!KONACNI PRIMERI\backup\HEXIWEAR_IR_GESTURE_Click\example\ARM\" -IP"D:\Uros\!!KONACNI PRIMERI\backup\HEXIWEAR_IR_GESTURE_Click\example\ARM\include\" "HEXIWEAR_IR_GESTURE_Click.c" "ir_gesture_hal.c" "ir_gesture_hw.c" "OLED_driver.c" "OLED_resources.c" "common_screen_objects.c" "__Lib_Math.emcl" "__Lib_MathDouble.emcl" "__Lib_Delays.emcl" "__Lib_System.emcl" "__Lib_GPIO_MK64_Defs.emcl" "__Lib_GPIO.emcl" "__Lib_CType.emcl" "__Lib_CString.emcl" "__Lib_CStdlib.emcl" "__Lib_Sprinti.emcl" "__Lib_UART_012345.emcl" "__Lib_SPI_012.emcl" "__Lib_I2C_012.emcl"	 
diagnostics: 0	122	Compilation Started	stdbool.h
hint: 0	1004	interrupt handler (MotionDetect at 0x004C)	HEXIWEAR_IR_GESTURE_Click.c
diagnostics: 187	123	Compiled Successfully	HEXIWEAR_IR_GESTURE_Click.c
diagnostics: 0	122	Compilation Started	stdint.h
diagnostics: 105	123	Compiled Successfully	ir_gesture_hal.c
diagnostics: 0	122	Compilation Started	stdint.h
hint: 215	1354	argument may be out of range [mode]	ir_gesture_hw.c
hint: 215	1354	argument may be out of range [?FLOC__ir_gesture_hw_set_mode?T3]	ir_gesture_hw.c
hint: 429	1163	Variable 'buff' has been declared, but not used	ir_gesture_hw.c
hint: 1209	1354	argument may be out of range []	ir_gesture_hw.c
diagnostics: 1302	123	Compiled Successfully	ir_gesture_hw.c
hint: 244	1164	Variable 'ud_ratio_first' has been eliminated by optimizer	ir_gesture_hw.c
hint: 245	1164	Variable 'lr_ratio_first' has been eliminated by optimizer	ir_gesture_hw.c
hint: 246	1164	Variable 'ud_ratio_last' has been eliminated by optimizer	ir_gesture_hw.c
hint: 247	1164	Variable 'lr_ratio_last' has been eliminated by optimizer	ir_gesture_hw.c
diagnostics: 0	122	Compilation Started	stdint.h
hint: 353	1163	Variable 'spiStatus' has been declared, but not used	OLED_driver.c
hint: 465	1354	argument may be out of range [status]	OLED_driver.c
hint: 479	1354	argument may be out of range []	OLED_driver.c
hint: 551	1354	argument may be out of range [?T107]	OLED_driver.c
hint: 552	1354	argument may be out of range [?T108]	OLED_driver.c
hint: 553	1354	argument may be out of range [?T111]	OLED_driver.c
hint: 554	1354	argument may be out of range [?T112]	OLED_driver.c
hint: 555	1354	argument may be out of range [?T113]	OLED_driver.c
hint: 556	1354	argument may be out of range [?T116]	OLED_driver.c
warning: 608	1505	Suspicious pointer conversion	OLED_driver.c
warning: 628	1505	Suspicious pointer conversion	OLED_driver.c
diagnostics: 797	123	Compiled Successfully	OLED_driver.c
hint: 604	1164	Variable 'status' has been eliminated by optimizer	OLED_driver.c
hint: 702	1164	Variable 'offset' has been eliminated by optimizer	OLED_driver.c
hint: 703	1164	Variable 'pChTable' has been eliminated by optimizer	OLED_driver.c
hint: 705	1164	Variable 'tmp' has been eliminated by optimizer	OLED_driver.c
diagnostics: 0	122	Compilation Started	stdint.h
diagnostics: 4682	123	Compiled Successfully	OLED_resources.c
diagnostics: 0	122	Compilation Started	stdint.h
diagnostics: 8114	123	Compiled Successfully	common_screen_objects.c
diagnostics: 0	127	All files Compiled in 1825 ms	 
hint: 0	1144	Used RX: 16 (100%)   Free RX: 0 (0%)	Used RX: 16 (100%)   Free RX: 0 (0%)
hint: 0	1144	Static RAM (bytes): 18516   Dynamic RAM (bytes): 178089	Static RAM (bytes): 18516   Dynamic RAM (bytes): 178089
hint: 0	1144	Used ROM (bytes): 126173 (12%)  Free ROM (bytes): 922403 (88%)	Used ROM (bytes): 126173 (12%)  Free ROM (bytes): 922403 (88%)
diagnostics: 0	125	Project Linked Successfully	MikroC_ARM_M4.mcpar
diagnostics: 0	128	Linked in 624 ms	 
diagnostics: 0	129	Project 'MikroC_ARM_M4.mcpar' completed: 2637 ms	 
diagnostics: 0	103	Finished successfully: 09 May 2016, 09:32:44	MikroC_ARM_M4.mcpar
