0	1	mikroCARM.exe -MSF -DBG -pMK64FN1M0XXX12 -BIN -DL -SSA -O11111114 -fo120 -N"D:\Marko\tasks\freescale\svn\Hexiwear\MK64\5. Click Demos\1. mikroC\2. Primeri\HEXIWEAR_8x8_Click\example\ARM\HEXIWEAR_8x8_Click.mcpar" -SP"D:\work\mikroC PRO for ARM\Defs\" -SP"D:\work\mikroC PRO for ARM\Uses\NXP M4\" -SP"D:\work\mikroC PRO for ARM\Uses\" -SP"D:\Marko\tasks\freescale\svn\Hexiwear\MK64\5. Click Demos\1. mikroC\2. Primeri\HEXIWEAR_8x8_Click\example\ARM\" -IP"D:\Marko\tasks\freescale\svn\Hexiwear\MK64\5. Click Demos\1. mikroC\2. Primeri\HEXIWEAR_8x8_Click\example\ARM\" "eight_x_eight_hal.c" "eight_x_eight_hw.c" "HEXIWEAR_8x8_Click.c" "OLED_driver.c" "OLED_resources.c" "__Lib_Math.emcl" "__Lib_MathDouble.emcl" "__Lib_Delays.emcl" "__Lib_System.emcl" "__Lib_GPIO_MK64_Defs.emcl" "__Lib_GPIO.emcl" "__Lib_CString.emcl" "__Lib_I2C_012.emcl" "__Lib_SPI_012.emcl" "__Lib_UART_012345.emcl"	 
diagnostics: 0	122	Compilation Started	stdint.h
diagnostics: 74	123	Compiled Successfully	eight_x_eight_hal.c
diagnostics: 0	122	Compilation Started	stdint.h
warning: 131	1503	Result is not defined in function: ''	eight_x_eight_hw.c
warning: 132	1503	Result is not defined in function: 'refresh'	eight_x_eight_hw.c
warning: 156	1503	Result is not defined in function: ''	eight_x_eight_hw.c
warning: 157	1503	Result is not defined in function: 'scroll_refresh'	eight_x_eight_hw.c
warning: 268	1508	Implicit conversion of int to ptr	eight_x_eight_hw.c
diagnostics: 355	123	Compiled Successfully	eight_x_eight_hw.c
hint: 113	1164	Variable 'm' has been eliminated by optimizer	eight_x_eight_hw.c
hint: 136	1164	Variable 'm' has been eliminated by optimizer	eight_x_eight_hw.c
hint: 261	1164	Variable 'k' has been eliminated by optimizer	eight_x_eight_hw.c
hint: 260	1164	Variable 'p_font' has been eliminated by optimizer	eight_x_eight_hw.c
diagnostics: 0	122	Compilation Started	stdint.h
diagnostics: 95	123	Compiled Successfully	HEXIWEAR_8x8_Click.c
diagnostics: 0	122	Compilation Started	stdint.h
hint: 350	1163	Variable 'spiStatus' has been declared, but not used	OLED_driver.c
hint: 462	1354	argument may be out of range [status]	OLED_driver.c
hint: 476	1354	argument may be out of range []	OLED_driver.c
hint: 548	1354	argument may be out of range [?T101]	OLED_driver.c
hint: 549	1354	argument may be out of range [?T102]	OLED_driver.c
hint: 550	1354	argument may be out of range [?T105]	OLED_driver.c
hint: 551	1354	argument may be out of range [?T106]	OLED_driver.c
hint: 552	1354	argument may be out of range [?T107]	OLED_driver.c
hint: 553	1354	argument may be out of range [?T110]	OLED_driver.c
warning: 605	1505	Suspicious pointer conversion	OLED_driver.c
warning: 625	1505	Suspicious pointer conversion	OLED_driver.c
diagnostics: 794	123	Compiled Successfully	OLED_driver.c
hint: 601	1164	Variable 'status' has been eliminated by optimizer	OLED_driver.c
hint: 699	1164	Variable 'offset' has been eliminated by optimizer	OLED_driver.c
hint: 700	1164	Variable 'pChTable' has been eliminated by optimizer	OLED_driver.c
hint: 702	1164	Variable 'tmp' has been eliminated by optimizer	OLED_driver.c
diagnostics: 0	122	Compilation Started	stdint.h
diagnostics: 1364	123	Compiled Successfully	OLED_resources.c
diagnostics: 0	127	All files Compiled in 250 ms	 
hint: 0	1144	Used RX: 16 (100%)   Free RX: 0 (0%)	Used RX: 16 (100%)   Free RX: 0 (0%)
hint: 0	1144	Static RAM (bytes): 18495   Dynamic RAM (bytes): 112573	Static RAM (bytes): 18495   Dynamic RAM (bytes): 112573
hint: 0	1144	Used ROM (bytes): 26969 (3%)  Free ROM (bytes): 1021607 (97%)	Used ROM (bytes): 26969 (3%)  Free ROM (bytes): 1021607 (97%)
diagnostics: 0	125	Project Linked Successfully	HEXIWEAR_8x8_Click.mcpar
diagnostics: 0	128	Linked in 530 ms	 
diagnostics: 0	129	Project 'HEXIWEAR_8x8_Click.mcpar' completed: 1014 ms	 
diagnostics: 0	103	Finished successfully: 12 May 2016, 16:32:23	HEXIWEAR_8x8_Click.mcpar
