0	1	mikroCARM.exe -MSF -DBG -pMK64FN1M0XXX12 -UICD -BIN -DL -SSA -O11111114 -fo120 -N"D:\Uros\!!KONACNI PRIMERI\HEXIWEAR_MP3_Click\example\ARM\HEXIWEAR_MP3_Click.mcpar" -SP"D:\Program Files\NXP\mikroC PRO for ARM\Defs\" -SP"D:\Program Files\NXP\mikroC PRO for ARM\Uses\" -SP"D:\Uros\!!KONACNI PRIMERI\HEXIWEAR_MP3_Click\example\ARM\" -SP"D:\Program Files\NXP\mikroC PRO for ARM\Uses\Freescale M4\" -SP"D:\!!!SVN\Hexiwear\MK64\5. Click Demos\1. mikroC\1. Biblioteke\OLED\src\" -SP"D:\!!!SVN\Hexiwear\MK64\5. Click Demos\1. mikroC\2. Primeri\common\src\" -SP"D:\Uros\!!KONACNI PRIMERI\HEXIWEAR_MP3_Click\example\ARM\OLED\src\" -SP"D:\Uros\!!KONACNI PRIMERI\HEXIWEAR_MP3_Click\example\ARM\common\src\" -SP"D:\Uros\!!KONACNI PRIMERI\HEXIWEAR_MP3_Click\example\ARM\common\inc\" -SP"D:\Uros\!!KONACNI PRIMERI\HEXIWEAR_MP3_Click\example\ARM\OLED\inc\" -IP"D:\Uros\!!KONACNI PRIMERI\HEXIWEAR_MP3_Click\example\ARM\" -IP"D:\Uros\!!KONACNI PRIMERI\HEXIWEAR_MP3_Click\example\ARM\common\inc\" -IP"D:\Uros\!!KONACNI PRIMERI\HEXIWEAR_MP3_Click\example\ARM\OLED\inc\" "HEXIWEAR_MP3_Click.c" "MP3_driver.c" "common_screen_objects.c" "OLED_driver.c" "OLED_resources.c" "__Lib_Math.emcl" "__Lib_MathDouble.emcl" "__Lib_Delays.emcl" "__Lib_System.emcl" "__Lib_GPIO_MK64_Defs.emcl" "__Lib_GPIO.emcl" "__Lib_CType.emcl" "__Lib_CString.emcl" "__Lib_Conversions.emcl" "__Lib_SPI_012.emcl" "__Lib_SDHC.emcl" "__Lib_Mmc_SDHC.emcl" "__Lib_MmcFat16.emcl" "__Lib_MmcFat16Constants.emcl"	 
diagnostics: 0	122	Compilation Started	mp3_test.h
diagnostics: 262	123	Compiled Successfully	HEXIWEAR_MP3_Click.c
diagnostics: 0	122	Compilation Started	mp3_driver.h
diagnostics: 132	123	Compiled Successfully	MP3_driver.c
hint: 128	1164	Variable 'volume' has been eliminated by optimizer	MP3_driver.c
diagnostics: 0	122	Compilation Started	stdint.h
diagnostics: 1161	123	Compiled Successfully	common_screen_objects.c
diagnostics: 0	122	Compilation Started	stdint.h
hint: 350	1163	Variable 'spiStatus' has been declared, but not used	OLED_driver.c
hint: 378	1163	Variable 'spiStatus' has been declared, but not used	OLED_driver.c
hint: 490	1354	argument may be out of range [status]	OLED_driver.c
hint: 504	1354	argument may be out of range []	OLED_driver.c
hint: 576	1354	argument may be out of range [?T102]	OLED_driver.c
hint: 577	1354	argument may be out of range [?T103]	OLED_driver.c
hint: 578	1354	argument may be out of range [?T106]	OLED_driver.c
hint: 579	1354	argument may be out of range [?T107]	OLED_driver.c
hint: 580	1354	argument may be out of range [?T108]	OLED_driver.c
hint: 581	1354	argument may be out of range [?T111]	OLED_driver.c
warning: 650	1505	Suspicious pointer conversion	OLED_driver.c
warning: 670	1505	Suspicious pointer conversion	OLED_driver.c
warning: 714	1505	Suspicious pointer conversion	OLED_driver.c
diagnostics: 883	123	Compiled Successfully	OLED_driver.c
hint: 646	1164	Variable 'status' has been eliminated by optimizer	OLED_driver.c
hint: 691	1164	Variable 'ptr' has been eliminated by optimizer	OLED_driver.c
hint: 690	1164	Variable 'status' has been eliminated by optimizer	OLED_driver.c
hint: 788	1164	Variable 'offset' has been eliminated by optimizer	OLED_driver.c
hint: 789	1164	Variable 'pChTable' has been eliminated by optimizer	OLED_driver.c
hint: 791	1164	Variable 'tmp' has been eliminated by optimizer	OLED_driver.c
diagnostics: 0	122	Compilation Started	stdint.h
diagnostics: 4682	123	Compiled Successfully	OLED_resources.c
diagnostics: 0	127	All files Compiled in 624 ms	 
hint: 0	1144	Used RX: 16 (100%)   Free RX: 0 (0%)	Used RX: 16 (100%)   Free RX: 0 (0%)
hint: 0	1144	Static RAM (bytes): 19961   Dynamic RAM (bytes): 176641	Static RAM (bytes): 19961   Dynamic RAM (bytes): 176641
hint: 0	1144	Used ROM (bytes): 61537 (6%)  Free ROM (bytes): 987039 (94%)	Used ROM (bytes): 61537 (6%)  Free ROM (bytes): 987039 (94%)
diagnostics: 0	125	Project Linked Successfully	HEXIWEAR_MP3_Click.mcpar
diagnostics: 0	128	Linked in 702 ms	 
diagnostics: 0	129	Project 'HEXIWEAR_MP3_Click.mcpar' completed: 1528 ms	 
diagnostics: 0	103	Finished successfully: 09 May 2016, 09:20:21	HEXIWEAR_MP3_Click.mcpar
