0	1	mikroCARM.exe -MSF -DBG -pMK64FN1M0XXX12 -BIN -DL -SSA -O11111114 -fo120 -N"E:\git\ClickLab\NFC_Tag2_click\example\HEXI\NT2_HEXI.mcpar" -SP"C:\Users\Public\Documents\Mikroelektronika\mikroC PRO for ARM\Defs\" -SP"C:\Users\Public\Documents\Mikroelektronika\mikroC PRO for ARM\Uses\" -SP"E:\git\ClickLab\NFC_Tag2_click\example\HEXI\" -SP"C:\Users\Public\Documents\Mikroelektronika\mikroC PRO for ARM\Uses\NXP M4\" -SP"E:\git\ClickLab\NFC_Tag2_click\library\src\" -SP"E:\git\ClickLab\NFC_Tag2_click\library\include\" -IP"E:\git\ClickLab\NFC_Tag2_click\library\include\" "nfc_tag2.c" "nfc_tag2_hal.c" "NT2_HEXI.c" "__Lib_Math.emcl" "__Lib_MathDouble.emcl" "__Lib_Delays.emcl" "__Lib_System.emcl" "__Lib_GPIO_MK64_Defs.emcl" "__Lib_GPIO.emcl" "__Lib_CString.emcl" "__Lib_Conversions.emcl" "__Lib_I2C_012.emcl" "__Lib_UART_012345.emcl" "example.pld"	 
diagnostics: 0	122	Compilation Started	stdbool.h
diagnostics: 260	123	Compiled Successfully	nfc_tag2.c
hint: 186	1164	Variable 'ptr' has been eliminated by optimizer	nfc_tag2.c
hint: 195	1164	Variable 'ptr' has been eliminated by optimizer	nfc_tag2.c
hint: 244	1164	Variable 'blk' has been eliminated by optimizer	nfc_tag2.c
hint: 245	1164	Variable 'off' has been eliminated by optimizer	nfc_tag2.c
hint: 246	1164	Variable 'ptr' has been eliminated by optimizer	nfc_tag2.c
hint: 254	1164	Variable 'blk' has been eliminated by optimizer	nfc_tag2.c
hint: 255	1164	Variable 'off' has been eliminated by optimizer	nfc_tag2.c
hint: 256	1164	Variable 'ptr' has been eliminated by optimizer	nfc_tag2.c
diagnostics: 0	122	Compilation Started	stdint.h
diagnostics: 396	123	Compiled Successfully	nfc_tag2_hal.c
diagnostics: 0	122	Compilation Started	stdbool.h
diagnostics: 189	123	Compiled Successfully	NT2_HEXI.c
diagnostics: 0	127	All files Compiled in 344 ms	 
hint: 0	1144	Used RX: 16 (100%)   Free RX: 0 (0%)	Used RX: 16 (100%)   Free RX: 0 (0%)
hint: 0	1144	Static RAM (bytes): 1061   Dynamic RAM (bytes): 130005	Static RAM (bytes): 1061   Dynamic RAM (bytes): 130005
hint: 0	1144	Used ROM (bytes): 8270 (1%)  Free ROM (bytes): 1040306 (99%)	Used ROM (bytes): 8270 (1%)  Free ROM (bytes): 1040306 (99%)
diagnostics: 0	125	Project Linked Successfully	NT2_HEXI.mcpar
diagnostics: 0	128	Linked in 750 ms	 
diagnostics: 0	129	Project 'NT2_HEXI.mcpar' completed: 1344 ms	 
diagnostics: 0	103	Finished successfully: 15 Feb 2017, 09:52:40	NT2_HEXI.mcpar
