0	1	mikroCARM.exe -MSF -DBG -pMK64FN1M0XXX12 -UICD -BIN -DL -SSA -O11111114 -fo120 -N"\\VBOXSVR\storage\git\ClickLab\GSM4\example\Hexiwear\GSM4_HEXI.mcpar" -SP"C:\C4W\mikroC PRO for ARM\Defs\" -SP"C:\C4W\mikroC PRO for ARM\Uses\" -SP"\\VBOXSVR\storage\git\ClickLab\GSM4\example\Hexiwear\" -SP"C:\C4W\mikroC PRO for ARM\Uses\NXP M4\" -SP"\\VBOXSVR\storage\git\ClickLab\GSM4\library\src\" -SP"\\VBOXSVR\storage\git\ClickLab\GSM4\library\include\" -SP"\\VBOXSVR\storage\git\ClickLab\GSM4\example\Hexiwear\OLED\" -IP"\\VBOXSVR\storage\git\ClickLab\GSM4\library\include\" -IP"\\VBOXSVR\storage\git\ClickLab\GSM4\example\Hexiwear\OLED\" -IP"\\VBOXSVR\storage\git\ClickLab\GSM4\example\Hexiwear\" "at_engine.c" "at_parser.c" "dev_adapter.c" "dev_hal.c" "dev_timer.c" "GSM4_HEXI.c" "OLED_driver.c" "OLED_resources.c" "gsm4.c" "__Lib_Math.emcl" "__Lib_MathDouble.emcl" "__Lib_Delays.emcl" "__Lib_System.emcl" "__Lib_GPIO_MK64_Defs.emcl" "__Lib_GPIO.emcl" "__Lib_CString.emcl" "__Lib_SPI_012.emcl" "__Lib_UART_012345.emcl" "platform.pld"	 
diagnostics: 0	122	Compilation Started	stdint.h
diagnostics: 151	123	Compiled Successfully	at_engine.c
diagnostics: 0	122	Compilation Started	stdbool.h
hint: 212	1354	argument may be out of range []	at_parser.c
diagnostics: 250	123	Compiled Successfully	at_parser.c
diagnostics: 0	122	Compilation Started	stdint.h
diagnostics: 308	123	Compiled Successfully	dev_adapter.c
diagnostics: 0	122	Compilation Started	stdint.h
diagnostics: 119	123	Compiled Successfully	dev_hal.c
diagnostics: 0	122	Compilation Started	stdint.h
hint: 33	1163	Variable 'c' has been declared, but not used	dev_timer.c
diagnostics: 83	123	Compiled Successfully	dev_timer.c
diagnostics: 0	122	Compilation Started	stdint.h
hint: 0	1004	interrupt handler (UART_RX_ISR at 0x0033)	GSM4_HEXI.c
diagnostics: 63	123	Compiled Successfully	GSM4_HEXI.c
diagnostics: 0	122	Compilation Started	stdint.h
hint: 350	1163	Variable 'spiStatus' has been declared, but not used	OLED_driver.c
hint: 462	1354	argument may be out of range [status]	OLED_driver.c
hint: 476	1354	argument may be out of range []	OLED_driver.c
hint: 548	1354	argument may be out of range [?T101]	OLED_driver.c
hint: 549	1354	argument may be out of range [?T102]	OLED_driver.c
hint: 550	1354	argument may be out of range [?T105]	OLED_driver.c
hint: 551	1354	argument may be out of range [?T106]	OLED_driver.c
hint: 552	1354	argument may be out of range [?T107]	OLED_driver.c
hint: 553	1354	argument may be out of range [?T110]	OLED_driver.c
warning: 605	1505	Suspicious pointer conversion	OLED_driver.c
warning: 625	1505	Suspicious pointer conversion	OLED_driver.c
diagnostics: 794	123	Compiled Successfully	OLED_driver.c
hint: 601	1164	Variable 'status' has been eliminated by optimizer	OLED_driver.c
hint: 699	1164	Variable 'offset' has been eliminated by optimizer	OLED_driver.c
hint: 700	1164	Variable 'pChTable' has been eliminated by optimizer	OLED_driver.c
hint: 702	1164	Variable 'tmp' has been eliminated by optimizer	OLED_driver.c
diagnostics: 0	122	Compilation Started	stdint.h
diagnostics: 4682	123	Compiled Successfully	OLED_resources.c
diagnostics: 0	122	Compilation Started	stdint.h
diagnostics: 31	123	Compiled Successfully	gsm4.c
hint: 28	1164	Variable 'response' has been eliminated by optimizer	gsm4.c
diagnostics: 0	127	All files Compiled in 1750 ms	 
hint: 0	1144	Used RX: 16 (100%)   Free RX: 0 (0%)	Used RX: 16 (100%)   Free RX: 0 (0%)
hint: 0	1144	Static RAM (bytes): 3411   Dynamic RAM (bytes): 127657	Static RAM (bytes): 3411   Dynamic RAM (bytes): 127657
hint: 0	1144	Used ROM (bytes): 8660 (1%)  Free ROM (bytes): 1039916 (99%)	Used ROM (bytes): 8660 (1%)  Free ROM (bytes): 1039916 (99%)
diagnostics: 0	125	Project Linked Successfully	GSM4_HEXI.mcpar
diagnostics: 0	128	Linked in 813 ms	 
diagnostics: 0	129	Project 'GSM4_HEXI.mcpar' completed: 2829 ms	 
diagnostics: 0	103	Finished successfully: 15 Nov 2016, 17:17:30	GSM4_HEXI.mcpar
