0	1	mikroCARM.exe -MSF -DBG -pMK64FN1M0XXX12 -BIN -DL -SSA -O11111114 -fo120 -N"C:\Users\djordje.rosic\Desktop\Archive\mic_24045_click\example\ARM\mic_24045_ARM.mcpar" -SP"C:\Users\Public\Documents\Mikroelektronika\mikroC PRO for ARM\Defs\" -SP"C:\Users\Public\Documents\Mikroelektronika\mikroC PRO for ARM\Uses\" -SP"C:\Users\djordje.rosic\Desktop\Archive\mic_24045_click\example\ARM\" -SP"C:\Users\Public\Documents\Mikroelektronika\mikroC PRO for ARM\Uses\NXP M4\" -SP"C:\Users\Public\Documents\Mikroelektronika\mikroC PRO for ARM\Packages\click_mic_24045_ARM\Uses\" -SP"C:\Users\djordje.rosic\Desktop\Archive\mic_24045_click\library\src\" -SP"C:\Users\djordje.rosic\Desktop\Archive\mic_24045_click\example\ARM\" -SP"C:\Users\djordje.rosic\Desktop\Archive\mic_24045_click\example\ARM\" -SP"C:\Users\djordje.rosic\Desktop\Archive\mic_24045_click\example\ARM\" -SP"C:\Users\djordje.rosic\Desktop\Archive\mic_24045_click\example\ARM\" -SP"C:\Users\djordje.rosic\Desktop\Archive\mic_24045_click\example\ARM\" -SP"C:\Users\djordje.rosic\Desktop\Archive\mic_24045_click\example\ARM\" -SP"C:\Users\djordje.rosic\Desktop\Archive\mic_24045_click\example\ARM\" -SP"C:\Users\djordje.rosic\Desktop\Archive\mic_24045_click\example\ARM\" -SP"C:\Users\djordje.rosic\Desktop\Archive\mic_24045_click\example\ARM\" -IP"C:\Users\djordje.rosic\Desktop\Archive\mic_24045_click\library\include\" "mic_24045_ARM.c" "OLED_driver.c" "OLED_resources.c" "UART_Messaging.c" "__Lib_Math.emcl" "__Lib_MathDouble.emcl" "__Lib_Delays.emcl" "__Lib_System.emcl" "__Lib_GPIO_MK64_Defs.emcl" "__Lib_GPIO.emcl" "__Lib_CType.emcl" "__Lib_CString.emcl" "__Lib_CStdlib.emcl" "__Lib_CMath.emcl" "__Lib_Conversions.emcl" "__Lib_I2C_012.emcl" "__Lib_SPI_012.emcl" "__Lib_UART_012345.emcl" "mic_24045_click_Hal.emcl" "mic_24045_click.emcl"	 
diagnostics: 0	122	Compilation Started	stdint.h
diagnostics: 111	123	Compiled Successfully	mic_24045_ARM.c
diagnostics: 0	122	Compilation Started	stdint.h
hint: 353	1163	Variable 'spiStatus' has been declared, but not used	OLED_driver.c
hint: 465	1354	argument may be out of range [status]	OLED_driver.c
hint: 479	1354	argument may be out of range []	OLED_driver.c
hint: 551	1354	argument may be out of range [?T107]	OLED_driver.c
hint: 552	1354	argument may be out of range [?T108]	OLED_driver.c
hint: 553	1354	argument may be out of range [?T111]	OLED_driver.c
hint: 554	1354	argument may be out of range [?T112]	OLED_driver.c
hint: 555	1354	argument may be out of range [?T113]	OLED_driver.c
hint: 556	1354	argument may be out of range [?T116]	OLED_driver.c
warning: 608	1505	Suspicious pointer conversion	OLED_driver.c
warning: 628	1505	Suspicious pointer conversion	OLED_driver.c
diagnostics: 797	123	Compiled Successfully	OLED_driver.c
hint: 604	1164	Variable 'status' has been eliminated by optimizer	OLED_driver.c
hint: 702	1164	Variable 'offset' has been eliminated by optimizer	OLED_driver.c
hint: 703	1164	Variable 'pChTable' has been eliminated by optimizer	OLED_driver.c
hint: 705	1164	Variable 'tmp' has been eliminated by optimizer	OLED_driver.c
diagnostics: 0	122	Compilation Started	stdint.h
diagnostics: 5781	123	Compiled Successfully	OLED_resources.c
diagnostics: 0	122	Compilation Started	stdint.h
warning: 12	1506	Implicit conversion of pointer to int	UART_Messaging.c
hint: 0	1004	interrupt handler (BLE_RX_ISR at 0x0052)	UART_Messaging.c
diagnostics: 88	123	Compiled Successfully	UART_Messaging.c
diagnostics: 0	127	All files Compiled in 655 ms	 
hint: 0	1144	Used RX: 16 (100%)   Free RX: 0 (0%)	Used RX: 16 (100%)   Free RX: 0 (0%)
hint: 0	1144	Static RAM (bytes): 390   Dynamic RAM (bytes): 130677	Static RAM (bytes): 390   Dynamic RAM (bytes): 130677
hint: 0	1144	Used ROM (bytes): 16409 (2%)  Free ROM (bytes): 1032167 (98%)	Used ROM (bytes): 16409 (2%)  Free ROM (bytes): 1032167 (98%)
diagnostics: 0	125	Project Linked Successfully	mic_24045_ARM.mcpar
hint: 103	1004	Possible stack overflow : recursion or cross-calling detected.	__Lib_I2C_012.c
diagnostics: 0	128	Linked in 593 ms	 
diagnostics: 0	129	Project 'mic_24045_ARM.mcpar' completed: 1513 ms	 
diagnostics: 0	103	Finished successfully: 06 Apr 2017, 12:16:46	mic_24045_ARM.mcpar
