0	1	mikroCARM.exe -MSF -DBG -pMK64FN1M0XXX12 -UICD -BIN -DL -SSA -O11111114 -fo120 -N"E:\Darko\Projekti\HEXIWEAR\Click Demo\Projekti\HEXIWEAR_NFC_Click\example\ARM\HEXIWEAR_NFC_Click.mcpar" -SP"C:\Users\Public\Documents\Mikroelektronika\ARM\radni\mikroC PRO for ARM\Defs\" -SP"C:\Users\Public\Documents\Mikroelektronika\ARM\radni\mikroC PRO for ARM\Uses\" -SP"E:\Darko\Projekti\HEXIWEAR\Click Demo\Projekti\HEXIWEAR_NFC_Click\example\ARM\" -SP"c:\Users\Public\Documents\Mikroelektronika\ARM\radni\mikroC PRO for ARM\Uses\Freescale M4\" -SP"D:\Katalozi\NXP NFC Click\NFC_click\NFC_click\library\src\" -SP"D:\Katalozi\NXP NFC Click\NFC_click\NFC_click\library\include\" -SP"E:\Darko\Projekti\HEXIWEAR\Click Demo\Projekti\HEXIWEAR_NFC_Click\example\ARM\" -SP"E:\Darko\Projekti\HEXIWEAR\Click Demo\Projekti\HEXIWEAR_NFC_Click\example\ARM\" -SP"E:\Darko\Projekti\HEXIWEAR\Click Demo\Projekti\HEXIWEAR_NFC_Click\example\ARM\" -SP"E:\Darko\Projekti\HEXIWEAR\Click Demo\Projekti\HEXIWEAR_NFC_Click\example\ARM\" -SP"E:\Darko\Projekti\HEXIWEAR\Click Demo\Projekti\HEXIWEAR_NFC_Click\example\ARM\" -SP"E:\Darko\Projekti\HEXIWEAR\Click Demo\Projekti\HEXIWEAR_NFC_Click\example\ARM\" -SP"E:\Darko\Projekti\HEXIWEAR\Click Demo\Projekti\HEXIWEAR_NFC_Click\example\ARM\" -SP"E:\Darko\Projekti\HEXIWEAR\Click Demo\Projekti\HEXIWEAR_NFC_Click\example\ARM\" -SP"E:\Darko\Projekti\HEXIWEAR\Click Demo\Projekti\HEXIWEAR_NFC_Click\example\ARM\" -SP"E:\Darko\Projekti\HEXIWEAR\Click Demo\Projekti\HEXIWEAR_NFC_Click\example\ARM\" -SP"E:\Darko\Projekti\HEXIWEAR\Click Demo\Projekti\HEXIWEAR_NFC_Click\example\ARM\" -IP"E:\Darko\Projekti\HEXIWEAR\Click Demo\Projekti\HEXIWEAR_NFC_Click\example\ARM\" "nfc_hal.c" "nfc.c" "P2P_NDEF.c" "RW_NDEF_T1T.c" "RW_NDEF_T2T.c" "RW_NDEF_T3T.c" "RW_NDEF_T4T.c" "RW_NDEF.c" "T4T_NDEF_EMU.c" "HEXIWEAR_NFC_Click.c" "common_screen_objects.c" "OLED_driver.c" "OLED_resources.c" "resources.c" "__Lib_Math.emcl" "__Lib_MathDouble.emcl" "__Lib_Delays.emcl" "__Lib_System.emcl" "__Lib_GPIO_MK64_Defs.emcl" "__Lib_GPIO.emcl" "__Lib_CType.emcl" "__Lib_CString.emcl" "__Lib_Conversions.emcl" "__Lib_Sprinti.emcl" "__Lib_SPI_012.emcl" "__Lib_I2C_012.emcl" "Project_Defines.pld"	 
diagnostics: 0	122	Compilation Started	stdint.h
diagnostics: 461	123	Compiled Successfully	nfc_hal.c
hint: 354	1164	Variable 'count' has been eliminated by optimizer	nfc_hal.c
diagnostics: 0	122	Compilation Started	stdint.h
diagnostics: 840	123	Compiled Successfully	nfc.c
diagnostics: 0	122	Compilation Started	string.h
diagnostics: 265	123	Compiled Successfully	P2P_NDEF.c
hint: 161	1164	Variable 'cmd_size' has been eliminated by optimizer	P2P_NDEF.c
diagnostics: 0	122	Compilation Started	string.h
diagnostics: 195	123	Compiled Successfully	RW_NDEF_T1T.c
diagnostics: 0	122	Compilation Started	string.h
diagnostics: 178	123	Compiled Successfully	RW_NDEF_T2T.c
diagnostics: 0	122	Compilation Started	string.h
diagnostics: 155	123	Compiled Successfully	RW_NDEF_T3T.c
diagnostics: 0	122	Compilation Started	string.h
diagnostics: 256	123	Compiled Successfully	RW_NDEF_T4T.c
diagnostics: 0	122	Compilation Started	stddef.h
diagnostics: 96	123	Compiled Successfully	RW_NDEF.c
diagnostics: 0	122	Compilation Started	T4T_NDEF_EMU.c
diagnostics: 0	123	Compiled Successfully	T4T_NDEF_EMU.c
diagnostics: 1	122	Compilation Started	T4T_NDEF_EMU.c
hint: 500	1354	argument may be out of range [mode]	HEXIWEAR_NFC_Click.c
hint: 0	1004	interrupt handler (card_rx_ISR at 0x004C)	HEXIWEAR_NFC_Click.c
hint: 0	1004	interrupt handler (timer2_interrupt at 0x004A)	HEXIWEAR_NFC_Click.c
diagnostics: 668	123	Compiled Successfully	HEXIWEAR_NFC_Click.c
hint: 160	1164	Variable 'ndef_record_size' has been eliminated by optimizer	HEXIWEAR_NFC_Click.c
hint: 286	1164	Variable 'status' has been eliminated by optimizer	HEXIWEAR_NFC_Click.c
diagnostics: 0	122	Compilation Started	stdint.h
diagnostics: 1161	123	Compiled Successfully	common_screen_objects.c
diagnostics: 0	122	Compilation Started	stdint.h
hint: 353	1163	Variable 'spiStatus' has been declared, but not used	OLED_driver.c
hint: 465	1354	argument may be out of range [status]	OLED_driver.c
hint: 479	1354	argument may be out of range []	OLED_driver.c
hint: 551	1354	argument may be out of range [?T107]	OLED_driver.c
hint: 552	1354	argument may be out of range [?T108]	OLED_driver.c
hint: 553	1354	argument may be out of range [?T111]	OLED_driver.c
hint: 554	1354	argument may be out of range [?T112]	OLED_driver.c
hint: 555	1354	argument may be out of range [?T113]	OLED_driver.c
hint: 556	1354	argument may be out of range [?T116]	OLED_driver.c
warning: 608	1505	Suspicious pointer conversion	OLED_driver.c
warning: 628	1505	Suspicious pointer conversion	OLED_driver.c
diagnostics: 797	123	Compiled Successfully	OLED_driver.c
hint: 604	1164	Variable 'status' has been eliminated by optimizer	OLED_driver.c
hint: 702	1164	Variable 'offset' has been eliminated by optimizer	OLED_driver.c
hint: 703	1164	Variable 'pChTable' has been eliminated by optimizer	OLED_driver.c
hint: 705	1164	Variable 'tmp' has been eliminated by optimizer	OLED_driver.c
diagnostics: 0	122	Compilation Started	stdint.h
diagnostics: 4682	123	Compiled Successfully	OLED_resources.c
diagnostics: 0	122	Compilation Started	resources.c
diagnostics: 1159	123	Compiled Successfully	resources.c
diagnostics: 0	127	All files Compiled in 1125 ms	 
hint: 0	1144	Used RX: 16 (100%)   Free RX: 0 (0%)	Used RX: 16 (100%)   Free RX: 0 (0%)
hint: 0	1144	Static RAM (bytes): 19436   Dynamic RAM (bytes): 177169	Static RAM (bytes): 19436   Dynamic RAM (bytes): 177169
hint: 0	1144	Used ROM (bytes): 44512 (4%)  Free ROM (bytes): 1004064 (96%)	Used ROM (bytes): 44512 (4%)  Free ROM (bytes): 1004064 (96%)
diagnostics: 0	125	Project Linked Successfully	HEXIWEAR_NFC_Click.mcpar
diagnostics: 0	128	Linked in 719 ms	 
diagnostics: 0	129	Project 'HEXIWEAR_NFC_Click.mcpar' completed: 2141 ms	 
diagnostics: 0	103	Finished successfully: 12 May 2016, 14:17:08	HEXIWEAR_NFC_Click.mcpar
