0	1	mikroCARM.exe -MSF -DBG -pMK64FN1M0XXX12 -HEAP 131071 -BIN -DL -SSA -O11111114 -fo120 -N"D:\Marko\tasks\freescale\svn\Hexiwear\MK64\5. Click Demos\1. mikroC\2. Primeri\HEXIWEAR_Motion_Click\example\ARM\HEXIWEAR_Motion_Click.mcpar" -SP"D:\work\mikroC PRO for ARM\Defs\" -SP"D:\work\mikroC PRO for ARM\Uses\NXP M4\" -SP"D:\work\mikroC PRO for ARM\Uses\" -SP"D:\Marko\tasks\freescale\svn\Hexiwear\MK64\5. Click Demos\1. mikroC\2. Primeri\HEXIWEAR_Motion_Click\example\ARM\" -SP"D:\work\mikroC PRO for ARM\Uses\Freescale M4\" -SP"D:\Marko\tasks\freescale\svn\Hexiwear\MK64\5. Click Demos\1. mikroC\1. Biblioteke\OLED\src\" -SP"D:\Marko\tasks\freescale\svn\Hexiwear\MK64\5. Click Demos\1. mikroC\2. Primeri\common\src\" -SP"D:\Marko\tasks\freescale\svn\Hexiwear\MK64\5. Click Demos\1. mikroC\1. Biblioteke\OLED\inc\" -SP"D:\Marko\tasks\freescale\svn\Hexiwear\MK64\5. Click Demos\1. mikroC\2. Primeri\common\inc\" -SP"D:\Marko\tasks\freescale\svn\Hexiwear\MK64\5. Click Demos\1. mikroC\2. Primeri\HEXIWEAR_Motion_Click\example\ARM\" -SP"D:\Marko\tasks\freescale\svn\Hexiwear\MK64\5. Click Demos\1. mikroC\2. Primeri\HEXIWEAR_Motion_Click\example\ARM\" -SP"D:\Marko\tasks\freescale\svn\Hexiwear\MK64\5. Click Demos\1. mikroC\2. Primeri\HEXIWEAR_Motion_Click\example\ARM\" -SP"D:\Marko\tasks\freescale\svn\Hexiwear\MK64\5. Click Demos\1. mikroC\2. Primeri\HEXIWEAR_Motion_Click\example\ARM\" -IP"D:\Marko\tasks\freescale\svn\Hexiwear\MK64\5. Click Demos\1. mikroC\1. Biblioteke\OLED\inc\" -IP"D:\Marko\tasks\freescale\svn\Hexiwear\MK64\5. Click Demos\1. mikroC\2. Primeri\common\inc\" -IP"" -IP"" -IP"" -IP"" -IP"" -IP"" -IP"" -IP"" -IP"" -IP"" -IP"" -IP"" -IP"" -IP"" -IP"" -IP"" "Motion.c" "OLED_driver.c" "OLED_resources.c" "__Lib_Math.emcl" "__Lib_MathDouble.emcl" "__Lib_Delays.emcl" "__Lib_System.emcl" "__Lib_GPIO_MK64_Defs.emcl" "__Lib_GPIO.emcl" "__Lib_CString.emcl" "__Lib_MemManager.emcl" "__Lib_SPI_012.emcl"	 
warning: 0	1501	Specified search path does not exist: 'D:\work\mikroC PRO for ARM\Uses\Freescale M4'	 
warning: 0	1502	Specified include path does not exist: ''	 
warning: 0	1502	Specified include path does not exist: ''	 
warning: 0	1502	Specified include path does not exist: ''	 
warning: 0	1502	Specified include path does not exist: ''	 
warning: 0	1502	Specified include path does not exist: ''	 
warning: 0	1502	Specified include path does not exist: ''	 
warning: 0	1502	Specified include path does not exist: ''	 
warning: 0	1502	Specified include path does not exist: ''	 
diagnostics: 0	122	Compilation Started	stdint.h
hint: 0	1004	interrupt handler (MotionDetect at 0x004C)	Motion.c
diagnostics: 145	123	Compiled Successfully	Motion.c
diagnostics: 0	122	Compilation Started	stdint.h
hint: 350	1163	Variable 'spiStatus' has been declared, but not used	OLED_driver.c
hint: 462	1354	argument may be out of range [status]	OLED_driver.c
hint: 476	1354	argument may be out of range []	OLED_driver.c
hint: 548	1354	argument may be out of range [?T101]	OLED_driver.c
hint: 549	1354	argument may be out of range [?T102]	OLED_driver.c
hint: 550	1354	argument may be out of range [?T105]	OLED_driver.c
hint: 551	1354	argument may be out of range [?T106]	OLED_driver.c
hint: 552	1354	argument may be out of range [?T107]	OLED_driver.c
hint: 553	1354	argument may be out of range [?T110]	OLED_driver.c
warning: 605	1505	Suspicious pointer conversion	OLED_driver.c
warning: 625	1505	Suspicious pointer conversion	OLED_driver.c
diagnostics: 794	123	Compiled Successfully	OLED_driver.c
hint: 601	1164	Variable 'status' has been eliminated by optimizer	OLED_driver.c
hint: 699	1164	Variable 'offset' has been eliminated by optimizer	OLED_driver.c
hint: 700	1164	Variable 'pChTable' has been eliminated by optimizer	OLED_driver.c
hint: 702	1164	Variable 'tmp' has been eliminated by optimizer	OLED_driver.c
diagnostics: 0	122	Compilation Started	stdint.h
diagnostics: 2524	123	Compiled Successfully	OLED_resources.c
diagnostics: 0	127	All files Compiled in 234 ms	 
hint: 0	1144	Used RX: 16 (100%)   Free RX: 0 (0%)	Used RX: 16 (100%)   Free RX: 0 (0%)
hint: 0	1144	Static RAM (bytes): 1   Dynamic RAM (bytes): 65533	Static RAM (bytes): 1   Dynamic RAM (bytes): 65533
hint: 0	1144	HEAP RAM (bytes): 131071	HEAP RAM (bytes): 131071
hint: 0	1144	Used ROM (bytes): 42301 (4%)  Free ROM (bytes): 1006275 (96%)	Used ROM (bytes): 42301 (4%)  Free ROM (bytes): 1006275 (96%)
diagnostics: 0	125	Project Linked Successfully	HEXIWEAR_Motion_Click.mcpar
diagnostics: 0	128	Linked in 1763 ms	 
diagnostics: 0	129	Project 'HEXIWEAR_Motion_Click.mcpar' completed: 2231 ms	 
diagnostics: 0	103	Finished successfully: 12 May 2016, 16:17:44	HEXIWEAR_Motion_Click.mcpar
