0	1	mikroCARM.exe -MSF -DBG -pMK64FN1M0XXX12 -BIN -DL -SSA -O11111114 -fo120 -N"D:\Uros\!!KONACNI PRIMERI\HEXIWEAR_Proximity_2_Click\HEXIWEAR_Proximity_2_Click.mcpar" -SP"D:\Program Files\NXP\mikroC PRO for ARM\Defs\" -SP"D:\Program Files\NXP\mikroC PRO for ARM\Uses\" -SP"D:\Uros\!!KONACNI PRIMERI\HEXIWEAR_Proximity_2_Click\" -SP"D:\Program Files\NXP\mikroC PRO for ARM\Uses\Freescale M4\" -SP"D:\Uros\!!KONACNI PRIMERI\HEXIWEAR_Proximity_2_Click\OLED\src\" -SP"D:\Uros\!!KONACNI PRIMERI\HEXIWEAR_Proximity_2_Click\OLED\inc\" -IP"D:\Uros\!!KONACNI PRIMERI\HEXIWEAR_Proximity_2_Click\" -IP"D:\Uros\!!KONACNI PRIMERI\HEXIWEAR_Proximity_2_Click\OLED\inc\" "HEXIWEAR_Proximity_2_Click.c" "MAX44000_Driver.c" "OLED_driver.c" "OLED_resources.c" "__Lib_Math.emcl" "__Lib_MathDouble.emcl" "__Lib_Delays.emcl" "__Lib_System.emcl" "__Lib_GPIO_MK64_Defs.emcl" "__Lib_GPIO.emcl" "__Lib_CString.emcl" "__Lib_Conversions.emcl" "__Lib_SPI_012.emcl" "__Lib_I2C_012.emcl"	 
diagnostics: 0	122	Compilation Started	stdint.h
warning: 120	1505	Suspicious pointer conversion	HEXIWEAR_Proximity_2_Click.c
diagnostics: 130	123	Compiled Successfully	HEXIWEAR_Proximity_2_Click.c
diagnostics: 0	122	Compilation Started	MAX44000_Driver.c
warning: 27	1503	Result is not defined in function: 'MAX44000_Init'	MAX44000_Driver.c
diagnostics: 27	123	Compiled Successfully	MAX44000_Driver.c
diagnostics: 0	122	Compilation Started	stdint.h
hint: 350	1163	Variable 'spiStatus' has been declared, but not used	OLED_driver.c
hint: 378	1163	Variable 'spiStatus' has been declared, but not used	OLED_driver.c
hint: 490	1354	argument may be out of range [status]	OLED_driver.c
hint: 504	1354	argument may be out of range []	OLED_driver.c
hint: 576	1354	argument may be out of range [?T102]	OLED_driver.c
hint: 577	1354	argument may be out of range [?T103]	OLED_driver.c
hint: 578	1354	argument may be out of range [?T106]	OLED_driver.c
hint: 579	1354	argument may be out of range [?T107]	OLED_driver.c
hint: 580	1354	argument may be out of range [?T108]	OLED_driver.c
hint: 581	1354	argument may be out of range [?T111]	OLED_driver.c
warning: 650	1505	Suspicious pointer conversion	OLED_driver.c
warning: 670	1505	Suspicious pointer conversion	OLED_driver.c
warning: 714	1505	Suspicious pointer conversion	OLED_driver.c
diagnostics: 883	123	Compiled Successfully	OLED_driver.c
hint: 646	1164	Variable 'status' has been eliminated by optimizer	OLED_driver.c
hint: 691	1164	Variable 'ptr' has been eliminated by optimizer	OLED_driver.c
hint: 690	1164	Variable 'status' has been eliminated by optimizer	OLED_driver.c
hint: 788	1164	Variable 'offset' has been eliminated by optimizer	OLED_driver.c
hint: 789	1164	Variable 'pChTable' has been eliminated by optimizer	OLED_driver.c
hint: 791	1164	Variable 'tmp' has been eliminated by optimizer	OLED_driver.c
diagnostics: 0	122	Compilation Started	stdint.h
diagnostics: 5841	123	Compiled Successfully	OLED_resources.c
diagnostics: 0	127	All files Compiled in 437 ms	 
hint: 0	1144	Used RX: 16 (100%)   Free RX: 0 (0%)	Used RX: 16 (100%)   Free RX: 0 (0%)
hint: 0	1144	Static RAM (bytes): 18497   Dynamic RAM (bytes): 178105	Static RAM (bytes): 18497   Dynamic RAM (bytes): 178105
hint: 0	1144	Used ROM (bytes): 28730 (3%)  Free ROM (bytes): 1019846 (97%)	Used ROM (bytes): 28730 (3%)  Free ROM (bytes): 1019846 (97%)
diagnostics: 0	125	Project Linked Successfully	HEXIWEAR_Proximity_2_Click.mcpar
diagnostics: 0	128	Linked in 453 ms	 
diagnostics: 0	129	Project 'HEXIWEAR_Proximity_2_Click.mcpar' completed: 1077 ms	 
diagnostics: 0	103	Finished successfully: 12 May 2016, 18:33:07	HEXIWEAR_Proximity_2_Click.mcpar
