0	1	mikroCARM.exe -MSF -DBG -pMK64FN1M0XXX12 -BIN -DL -SSA -O11111114 -fo120 -N"D:\Marko\tasks\freescale\svn\Hexiwear\MK64\5. Click Demos\1. mikroC\2. Primeri\HEXIWEAR_Camera_Click\example\ARM\HEXIWEAR_Camera_Click.mcpar" -SP"D:\work\mikroC PRO for ARM\Defs\" -SP"D:\work\mikroC PRO for ARM\Uses\" -SP"D:\Marko\tasks\freescale\svn\Hexiwear\MK64\5. Click Demos\1. mikroC\2. Primeri\HEXIWEAR_Camera_Click\example\ARM\" -SP"D:\work\mikroC PRO for ARM\Uses\NXP M4\" -IP"D:\Marko\tasks\freescale\svn\Hexiwear\MK64\5. Click Demos\1. mikroC\2. Primeri\HEXIWEAR_Camera_Click\example\ARM\" "HEXIWEAR_Camera_Click.c" "common_screen_objects.c" "OLED_driver.c" "OLED_resources.c" "__Lib_Math.emcl" "__Lib_MathDouble.emcl" "__Lib_Delays.emcl" "__Lib_System.emcl" "__Lib_GPIO_MK64_Defs.emcl" "__Lib_GPIO.emcl" "__Lib_SPI_012.emcl"	 
diagnostics: 0	122	Compilation Started	stdint.h
diagnostics: 190	123	Compiled Successfully	HEXIWEAR_Camera_Click.c
diagnostics: 0	122	Compilation Started	stdint.h
diagnostics: 1161	123	Compiled Successfully	common_screen_objects.c
diagnostics: 0	122	Compilation Started	stdint.h
hint: 353	1163	Variable 'spiStatus' has been declared, but not used	OLED_driver.c
hint: 465	1354	argument may be out of range [status]	OLED_driver.c
hint: 479	1354	argument may be out of range []	OLED_driver.c
hint: 551	1354	argument may be out of range [?T107]	OLED_driver.c
hint: 552	1354	argument may be out of range [?T108]	OLED_driver.c
hint: 553	1354	argument may be out of range [?T111]	OLED_driver.c
hint: 554	1354	argument may be out of range [?T112]	OLED_driver.c
hint: 555	1354	argument may be out of range [?T113]	OLED_driver.c
hint: 556	1354	argument may be out of range [?T116]	OLED_driver.c
warning: 608	1505	Suspicious pointer conversion	OLED_driver.c
warning: 628	1505	Suspicious pointer conversion	OLED_driver.c
diagnostics: 797	123	Compiled Successfully	OLED_driver.c
hint: 604	1164	Variable 'status' has been eliminated by optimizer	OLED_driver.c
hint: 702	1164	Variable 'offset' has been eliminated by optimizer	OLED_driver.c
hint: 703	1164	Variable 'pChTable' has been eliminated by optimizer	OLED_driver.c
hint: 705	1164	Variable 'tmp' has been eliminated by optimizer	OLED_driver.c
diagnostics: 0	122	Compilation Started	stdint.h
diagnostics: 5842	123	Compiled Successfully	OLED_resources.c
diagnostics: 0	127	All files Compiled in 514 ms	 
hint: 0	1144	Used RX: 16 (100%)   Free RX: 0 (0%)	Used RX: 16 (100%)   Free RX: 0 (0%)
hint: 0	1144	Static RAM (bytes): 87594   Dynamic RAM (bytes): 65533	Static RAM (bytes): 87594   Dynamic RAM (bytes): 65533
hint: 0	1144	Used ROM (bytes): 42850 (4%)  Free ROM (bytes): 1005726 (96%)	Used ROM (bytes): 42850 (4%)  Free ROM (bytes): 1005726 (96%)
diagnostics: 0	125	Project Linked Successfully	HEXIWEAR_Camera_Click.mcpar
diagnostics: 0	128	Linked in 578 ms	 
diagnostics: 0	129	Project 'HEXIWEAR_Camera_Click.mcpar' completed: 1311 ms	 
diagnostics: 0	103	Finished successfully: 12 May 2016, 17:21:09	HEXIWEAR_Camera_Click.mcpar
